<?xml version="1.0" encoding="UTF-8"?>
<!-- Generated by org.testng.reporters.JUnitXMLReporter -->
<testsuite ignored="2" hostname="DESKTOP-QKHE2PN" failures="0" tests="1" name="Default test" time="8.8" errors="0" timestamp="2024-11-30T06:54:07 IST">
  <testcase classname="com.sevenrmartsupermarket.tests.AdminUserTest" name="verifyAdminUserDeleteBtn" time="2.476"/>
  <testcase classname="com.sevenrmartsupermarket.tests.AdminUserTest" name="verifySearchUser" time="0.0">
    <ignored/>
  </testcase> <!-- verifySearchUser -->
  <testcase classname="com.sevenrmartsupermarket.tests.AdminUserTest" name="verifyClickNewUser" time="0.0">
    <ignored/>
  </testcase> <!-- verifyClickNewUser -->
</testsuite> <!-- Default test -->
