<?xml version="1.0" encoding="UTF-8"?>
<!-- Generated by org.testng.reporters.JUnitXMLReporter -->
<testsuite ignored="4" hostname="DESKTOP-QKHE2PN" failures="0" tests="1" name="Default test" time="7.219" errors="0" timestamp="2024-12-02T07:00:46 IST">
  <testcase classname="com.sevenrmartsupermarket.tests.AdminUserTest" name="verifyActiveInactiveBtn" time="2.53"/>
  <testcase classname="com.sevenrmartsupermarket.tests.AdminUserTest" name="verifySearchUser" time="0.0">
    <ignored/>
  </testcase> <!-- verifySearchUser -->
  <testcase classname="com.sevenrmartsupermarket.tests.AdminUserTest" name="verifyAdminUserDeleteBtn" time="0.0">
    <ignored/>
  </testcase> <!-- verifyAdminUserDeleteBtn -->
  <testcase classname="com.sevenrmartsupermarket.tests.AdminUserTest" name="verifyClickNewUser" time="0.0">
    <ignored/>
  </testcase> <!-- verifyClickNewUser -->
  <testcase classname="com.sevenrmartsupermarket.tests.AdminUserTest" name="verifyAdminUserEditBtn" time="0.0">
    <ignored/>
  </testcase> <!-- verifyAdminUserEditBtn -->
</testsuite> <!-- Default test -->
