<?xml version="1.0" encoding="UTF-8"?>
<!-- Generated by org.testng.reporters.JUnitXMLReporter -->
<testsuite ignored="3" hostname="DESKTOP-QKHE2PN" failures="0" tests="2" name="smoke" time="8.533" errors="0" timestamp="2024-11-29T07:22:33 IST">
  <testcase classname="com.sevenrmartsupermarket.tests.DashBoardTest" name="verifyAdminMoreInfoClick" time="1.459"/>
  <testcase classname="com.sevenrmartsupermarket.tests.DashBoardTest" name="verifyAllCategory" time="0.726"/>
  <testcase classname="com.sevenrmartsupermarket.tests.AdminUserTest" name="verifyClickNewUser" time="0.0">
    <ignored/>
  </testcase> <!-- verifyClickNewUser -->
  <testcase classname="com.sevenrmartsupermarket.tests.LoginTest" name="verifyAdminUserLogin" time="0.0">
    <ignored/>
  </testcase> <!-- verifyAdminUserLogin -->
  <testcase classname="com.sevenrmartsupermarket.tests.AdminUserTest" name="verifySearchUser" time="0.0">
    <ignored/>
  </testcase> <!-- verifySearchUser -->
</testsuite> <!-- smoke -->
