<?xml version="1.0" encoding="UTF-8"?>
<testng-results ignored="0" total="2" passed="2" failed="0" skipped="0">
  <reporter-output>
  </reporter-output>
  <suite started-at="2024-11-29T07:22:25 IST" name="parallel_run" finished-at="2024-11-29T07:22:33 IST" duration-ms="8533">
    <groups>
      <group name="regression">
        <method signature="DashBoardTest.verifyAdminMoreInfoClick()[pri:0, instance:com.sevenrmartsupermarket.tests.DashBoardTest@128d2484]" name="verifyAdminMoreInfoClick" class="com.sevenrmartsupermarket.tests.DashBoardTest"/>
      </group> <!-- regression -->
      <group name="smoke">
        <method signature="DashBoardTest.verifyAdminMoreInfoClick()[pri:0, instance:com.sevenrmartsupermarket.tests.DashBoardTest@128d2484]" name="verifyAdminMoreInfoClick" class="com.sevenrmartsupermarket.tests.DashBoardTest"/>
        <method signature="DashBoardTest.verifyAllCategory()[pri:0, instance:com.sevenrmartsupermarket.tests.DashBoardTest@128d2484]" name="verifyAllCategory" class="com.sevenrmartsupermarket.tests.DashBoardTest"/>
      </group> <!-- smoke -->
    </groups>
    <test started-at="2024-11-29T07:22:25 IST" name="smoke" finished-at="2024-11-29T07:22:33 IST" duration-ms="8533">
      <class name="com.sevenrmartsupermarket.tests.DashBoardTest">
        <test-method is-config="true" signature="launchBrowser()[pri:0, instance:com.sevenrmartsupermarket.tests.DashBoardTest@128d2484]" started-at="2024-11-29T07:22:25 IST" name="launchBrowser" finished-at="2024-11-29T07:22:29 IST" duration-ms="4169" status="PASS">
          <reporter-output>
          </reporter-output>
        </test-method> <!-- launchBrowser -->
        <test-method signature="verifyAdminMoreInfoClick()[pri:0, instance:com.sevenrmartsupermarket.tests.DashBoardTest@128d2484]" started-at="2024-11-29T07:22:29 IST" name="verifyAdminMoreInfoClick" finished-at="2024-11-29T07:22:30 IST" duration-ms="1459" status="PASS">
          <reporter-output>
          </reporter-output>
        </test-method> <!-- verifyAdminMoreInfoClick -->
        <test-method is-config="true" signature="terminateSession(org.testng.ITestResult)[pri:0, instance:com.sevenrmartsupermarket.tests.DashBoardTest@128d2484]" started-at="2024-11-29T07:22:30 IST" name="terminateSession" finished-at="2024-11-29T07:22:30 IST" duration-ms="2" status="PASS">
          <params>
            <param index="0">
              <value>
                <![CDATA[[TestResult name=verifyAdminMoreInfoClick status=SUCCESS method=DashBoardTest.verifyAdminMoreInfoClick()[pri:0, instance:com.sevenrmartsupermarket.tests.DashBoardTest@128d2484] output={null}]]]>
              </value>
            </param>
          </params>
          <reporter-output>
          </reporter-output>
        </test-method> <!-- terminateSession -->
        <test-method is-config="true" signature="launchBrowser()[pri:0, instance:com.sevenrmartsupermarket.tests.DashBoardTest@128d2484]" started-at="2024-11-29T07:22:30 IST" name="launchBrowser" finished-at="2024-11-29T07:22:32 IST" duration-ms="2106" status="PASS">
          <reporter-output>
          </reporter-output>
        </test-method> <!-- launchBrowser -->
        <test-method signature="verifyAllCategory()[pri:0, instance:com.sevenrmartsupermarket.tests.DashBoardTest@128d2484]" started-at="2024-11-29T07:22:32 IST" name="verifyAllCategory" finished-at="2024-11-29T07:22:33 IST" duration-ms="726" status="PASS">
          <reporter-output>
          </reporter-output>
        </test-method> <!-- verifyAllCategory -->
        <test-method is-config="true" signature="terminateSession(org.testng.ITestResult)[pri:0, instance:com.sevenrmartsupermarket.tests.DashBoardTest@128d2484]" started-at="2024-11-29T07:22:33 IST" name="terminateSession" finished-at="2024-11-29T07:22:33 IST" duration-ms="3" status="PASS">
          <params>
            <param index="0">
              <value>
                <![CDATA[[TestResult name=verifyAllCategory status=SUCCESS method=DashBoardTest.verifyAllCategory()[pri:0, instance:com.sevenrmartsupermarket.tests.DashBoardTest@128d2484] output={null}]]]>
              </value>
            </param>
          </params>
          <reporter-output>
          </reporter-output>
        </test-method> <!-- terminateSession -->
      </class> <!-- com.sevenrmartsupermarket.tests.DashBoardTest -->
    </test> <!-- smoke -->
  </suite> <!-- parallel_run -->
</testng-results>
