<?xml version="1.0" encoding="UTF-8"?>
<testng-results ignored="0" total="1" passed="1" failed="0" skipped="0">
  <reporter-output>
  </reporter-output>
  <suite started-at="2024-12-17T07:58:30 IST" name="Default suite" finished-at="2024-12-17T07:58:36 IST" duration-ms="6432">
    <groups>
    </groups>
    <test started-at="2024-12-17T07:58:30 IST" name="Default test" finished-at="2024-12-17T07:58:36 IST" duration-ms="6432">
      <class name="com.sevenrmartsupermarket.tests.AdminUserTest">
        <test-method is-config="true" signature="launchBrowser()[pri:0, instance:com.sevenrmartsupermarket.tests.AdminUserTest@43c1b556]" started-at="2024-12-17T07:58:30 IST" name="launchBrowser" finished-at="2024-12-17T07:58:34 IST" duration-ms="4052" status="PASS">
          <reporter-output>
          </reporter-output>
        </test-method> <!-- launchBrowser -->
        <test-method signature="verifyActiveInactiveBtn()[pri:0, instance:com.sevenrmartsupermarket.tests.AdminUserTest@43c1b556]" started-at="2024-12-17T07:58:34 IST" name="verifyActiveInactiveBtn" finished-at="2024-12-17T07:58:36 IST" duration-ms="2293" status="PASS">
          <reporter-output>
          </reporter-output>
        </test-method> <!-- verifyActiveInactiveBtn -->
        <test-method is-config="true" signature="terminateSession(org.testng.ITestResult)[pri:0, instance:com.sevenrmartsupermarket.tests.AdminUserTest@43c1b556]" started-at="2024-12-17T07:58:36 IST" name="terminateSession" finished-at="2024-12-17T07:58:36 IST" duration-ms="6" status="PASS">
          <params>
            <param index="0">
              <value>
                <![CDATA[[TestResult name=verifyActiveInactiveBtn status=SUCCESS method=AdminUserTest.verifyActiveInactiveBtn()[pri:0, instance:com.sevenrmartsupermarket.tests.AdminUserTest@43c1b556] output={null}]]]>
              </value>
            </param>
          </params>
          <reporter-output>
          </reporter-output>
        </test-method> <!-- terminateSession -->
      </class> <!-- com.sevenrmartsupermarket.tests.AdminUserTest -->
    </test> <!-- Default test -->
  </suite> <!-- Default suite -->
</testng-results>
